INFO  started: Metals version 0.8.0 in workspace '/home/andres/Documentos/Repositories/sbt-project-with-symlinks/entities/example-entity'
INFO  time: initialize in 0.39s
WARN  no build target for: /home/andres/Documentos/Repositories/sbt-project-with-symlinks/pieces/core-piece/src/main/scala/com/example/Launcher.scala
WARN  no build target for: /home/andres/Documentos/Repositories/sbt-project-with-symlinks/pieces/functions-piece/src/main/scala/com/example/functions.scala
INFO  no build target: using presentation compiler with only scala-library
INFO  running '/nix/store/vf5cp8irqbni9wgpzz33bsxdxj363l2x-openjdk-8u222-ga/lib/openjdk/jre/bin/java -Djline.terminal=jline.UnsupportedTerminal -Dsbt.log.noformat=true -Dfile.encoding=UTF-8 -jar /tmp/metals496103969252611583/sbt-launch.jar set bloopExportJarClassifiers in Global := Some(Set("sources")) bloopInstall'
INFO  skipping build import with status 'Started'
INFO  [info] Loading global plugins from /home/andres/.sbt/1.0/plugins
INFO  [info] Loading settings for project example-entity-build from metals.sbt ...
INFO  [info] Loading project definition from /home/andres/Documentos/Repositories/sbt-project-with-symlinks/entities/example-entity/project
INFO  [info] Loading settings for project root from build.sbt ...
INFO  [info] Set current project to root (in build file:/home/andres/Documentos/Repositories/sbt-project-with-symlinks/entities/example-entity/)
INFO  [info] Defining Global / bloopExportJarClassifiers
INFO  [info] The new value will be used by ThisBuild / bloopExportJarClassifiers
INFO  [info] Reapplying settings...
INFO  [info] Set current project to root (in build file:/home/andres/Documentos/Repositories/sbt-project-with-symlinks/entities/example-entity/)
INFO  [success] Generated .bloop/corePiece-test.json
INFO  [success] Generated .bloop/root.json
INFO  [success] Generated .bloop/corePiece.json
INFO  [success] Generated .bloop/root-test.json
INFO  [success] Generated .bloop/functionsPiece.json
INFO  [success] Generated .bloop/functionsPiece-test.json
INFO  [success] Total time: 1 s, completed 30-ene-2020 8:08:45
INFO  build tool exit: 0
INFO  time: ran 'sbt bloopInstall' in 13s
Starting the bsp launcher for bloop...
Opening a bsp server connection with 'bsp --protocol local --socket /tmp/bsp-launcher4716279345100464458/bsp.socket'...
Waiting for the bsp connection to come up...
[0m[32m[D][0m Loading 6 projects from '/home/andres/Documentos/Repositories/sbt-project-with-symlinks/entities/example-entity/.bloop'...
[0m[32m[D][0m Loading project from '/home/andres/Documentos/Repositories/sbt-project-with-symlinks/entities/example-entity/.bloop/corePiece.json'
[0m[32m[D][0m Loading project from '/home/andres/Documentos/Repositories/sbt-project-with-symlinks/entities/example-entity/.bloop/root.json'
[0m[32m[D][0m Loading project from '/home/andres/Documentos/Repositories/sbt-project-with-symlinks/entities/example-entity/.bloop/corePiece-test.json'
[0m[32m[D][0m Loading project from '/home/andres/Documentos/Repositories/sbt-project-with-symlinks/entities/example-entity/.bloop/root-test.json'
[0m[32m[D][0m Loading project from '/home/andres/Documentos/Repositories/sbt-project-with-symlinks/entities/example-entity/.bloop/functionsPiece-test.json'
[0m[32m[D][0m Loading project from '/home/andres/Documentos/Repositories/sbt-project-with-symlinks/entities/example-entity/.bloop/functionsPiece.json'
[0m[32m[D][0m Missing analysis file for project 'functionsPiece-test'
[0m[32m[D][0m Missing analysis file for project 'functionsPiece'
[0m[32m[D][0m Missing analysis file for project 'root-test'
[0m[32m[D][0m Missing analysis file for project 'corePiece'
[0m[32m[D][0m Missing analysis file for project 'root'
[0m[32m[D][0m Missing analysis file for project 'corePiece-test'
[0m[32m[D][0m Waiting for a connection at local:///tmp/bsp-launcher4716279345100464458/bsp.socket...
The server is listening for incoming connections at local:///tmp/bsp-launcher4716279345100464458/bsp.socket...
Starting thread that pumps stdin and redirects it to the bsp server...
Starting thread that pumps server stdout and redirects it to the client stdout...
INFO  tracing is disabled for protocol BSP, to enable tracing of incoming and outgoing JSON messages create an empty file at /home/andres/.cache/metals/bsp.trace.json
INFO  time: connected to build server in 0.26s
INFO  Connected to Build server v1.4.0-RC1
INFO  time: indexed workspace in 1.19s
INFO  compiling functionspiece (1 scala source)
INFO  time: compiled functionsPiece in 1.04s
INFO  compiling corepiece (1 scala source)
INFO  time: compiled corePiece in 0.86s
INFO  compiling functionspiece (1 scala source)
INFO  time: compiled functionsPiece in 0.18s
INFO  compiling functionspiece (1 scala source)
INFO  time: compiled functionsPiece in 94ms
INFO  compiling functionspiece (1 scala source)
INFO  time: compiled functionsPiece in 0.14s
INFO  compiling functionspiece (1 scala source)
INFO  time: compiled functionsPiece in 0.11s
ene 30, 2020 8:13:38 AM org.eclipse.lsp4j.jsonrpc.services.GenericEndpoint notify
INFORMACIÓN: Unsupported notification method: $/setTraceNotification
INFO  compiling functionspiece (1 scala source)
INFO  time: compiled functionsPiece in 0.15s
INFO  compiling functionspiece (1 scala source)
INFO  time: compiled functionsPiece in 0.11s
INFO  compiling functionspiece (1 scala source)
INFO  time: compiled functionsPiece in 0.12s
INFO  compiling functionspiece (1 scala source)
INFO  time: compiled functionsPiece in 77ms
INFO  compiling functionspiece (1 scala source)
INFO  time: compiled functionsPiece in 0.13s
INFO  compiling functionspiece (1 scala source)
INFO  time: compiled functionsPiece in 0.16s
INFO  compiling functionspiece (1 scala source)
INFO  time: compiled functionsPiece in 78ms
INFO  compiling functionspiece (1 scala source)
INFO  time: compiled functionsPiece in 0.13s
INFO  compiling functionspiece (1 scala source)
INFO  time: compiled functionsPiece in 93ms
INFO  compiling functionspiece (1 scala source)
INFO  time: compiled functionsPiece in 0.2s
INFO  compiling functionspiece (1 scala source)
INFO  time: compiled functionsPiece in 0.12s
INFO  compiling functionspiece (1 scala source)
INFO  time: compiled functionsPiece in 0.12s
INFO  compiling functionspiece (1 scala source)
INFO  time: compiled functionsPiece in 0.11s
INFO  compiling functionspiece (1 scala source)
INFO  time: compiled functionsPiece in 77ms
INFO  compiling functionspiece (1 scala source)
INFO  time: compiled functionsPiece in 0.12s
INFO  compiling functionspiece (1 scala source)
INFO  time: compiled functionsPiece in 0.14s
INFO  compiling functionspiece (1 scala source)
INFO  time: compiled functionsPiece in 0.14s
INFO  compiling functionspiece (1 scala source)
INFO  time: compiled functionsPiece in 0.11s
ERROR code navigation does not work for the file '/home/andres/Documentos/Repositories/sbt-project-with-symlinks/pieces/functions-piece/src/main/scala/com/example/functions.scala' because the SemanticDB file '/home/andres/Documentos/Repositories/sbt-project-with-symlinks/entities/example-entity/.bloop/functionsPiece/bloop-bsp-clients-classes/classes-Metals-Yk_Imim4S9-QcJSogU-1vg==/META-INF/semanticdb/../../pieces/functions-piece/src/main/scala/com/example/functions.scala.semanticdb' doesn't exist. There can be many reasons for this error. 
ERROR code navigation does not work for the file '/home/andres/Documentos/Repositories/sbt-project-with-symlinks/pieces/functions-piece/src/main/scala/com/example/functions.scala' because the SemanticDB file '/home/andres/Documentos/Repositories/sbt-project-with-symlinks/entities/example-entity/.bloop/functionsPiece/bloop-bsp-clients-classes/classes-Metals-Yk_Imim4S9-QcJSogU-1vg==/META-INF/semanticdb/../../pieces/functions-piece/src/main/scala/com/example/functions.scala.semanticdb' doesn't exist. There can be many reasons for this error. 
ERROR code navigation does not work for the file '/home/andres/Documentos/Repositories/sbt-project-with-symlinks/pieces/functions-piece/src/main/scala/com/example/functions.scala' because the SemanticDB file '/home/andres/Documentos/Repositories/sbt-project-with-symlinks/entities/example-entity/.bloop/functionsPiece/bloop-bsp-clients-classes/classes-Metals-Yk_Imim4S9-QcJSogU-1vg==/META-INF/semanticdb/../../pieces/functions-piece/src/main/scala/com/example/functions.scala.semanticdb' doesn't exist. There can be many reasons for this error. 
ERROR code navigation does not work for the file '/home/andres/Documentos/Repositories/sbt-project-with-symlinks/pieces/functions-piece/src/main/scala/com/example/functions.scala' because the SemanticDB file '/home/andres/Documentos/Repositories/sbt-project-with-symlinks/entities/example-entity/.bloop/functionsPiece/bloop-bsp-clients-classes/classes-Metals-Yk_Imim4S9-QcJSogU-1vg==/META-INF/semanticdb/../../pieces/functions-piece/src/main/scala/com/example/functions.scala.semanticdb' doesn't exist. There can be many reasons for this error. 
ERROR code navigation does not work for the file '/home/andres/Documentos/Repositories/sbt-project-with-symlinks/pieces/core-piece/src/main/scala/com/example/Launcher.scala' because the SemanticDB file '/home/andres/Documentos/Repositories/sbt-project-with-symlinks/entities/example-entity/.bloop/corePiece/bloop-bsp-clients-classes/classes-Metals-Yk_Imim4S9-QcJSogU-1vg==/META-INF/semanticdb/../../pieces/core-piece/src/main/scala/com/example/Launcher.scala.semanticdb' doesn't exist. There can be many reasons for this error. 
ERROR code navigation does not work for the file '/home/andres/Documentos/Repositories/sbt-project-with-symlinks/pieces/core-piece/src/main/scala/com/example/Launcher.scala' because the SemanticDB file '/home/andres/Documentos/Repositories/sbt-project-with-symlinks/entities/example-entity/.bloop/corePiece/bloop-bsp-clients-classes/classes-Metals-Yk_Imim4S9-QcJSogU-1vg==/META-INF/semanticdb/../../pieces/core-piece/src/main/scala/com/example/Launcher.scala.semanticdb' doesn't exist. There can be many reasons for this error. 
ERROR code navigation does not work for the file '/home/andres/Documentos/Repositories/sbt-project-with-symlinks/pieces/core-piece/src/main/scala/com/example/Launcher.scala' because the SemanticDB file '/home/andres/Documentos/Repositories/sbt-project-with-symlinks/entities/example-entity/.bloop/corePiece/bloop-bsp-clients-classes/classes-Metals-Yk_Imim4S9-QcJSogU-1vg==/META-INF/semanticdb/../../pieces/core-piece/src/main/scala/com/example/Launcher.scala.semanticdb' doesn't exist. There can be many reasons for this error. 
ERROR code navigation does not work for the file '/home/andres/Documentos/Repositories/sbt-project-with-symlinks/pieces/core-piece/src/main/scala/com/example/Launcher.scala' because the SemanticDB file '/home/andres/Documentos/Repositories/sbt-project-with-symlinks/entities/example-entity/.bloop/corePiece/bloop-bsp-clients-classes/classes-Metals-Yk_Imim4S9-QcJSogU-1vg==/META-INF/semanticdb/../../pieces/core-piece/src/main/scala/com/example/Launcher.scala.semanticdb' doesn't exist. There can be many reasons for this error. 
INFO  compiling functionspiece (1 scala source)
INFO  time: compiled functionsPiece in 0.1s
INFO  compiling functionspiece (1 scala source)
INFO  time: compiled functionsPiece in 75ms
ERROR code navigation does not work for the file '/home/andres/Documentos/Repositories/sbt-project-with-symlinks/pieces/core-piece/src/main/scala/com/example/Launcher.scala' because the SemanticDB file '/home/andres/Documentos/Repositories/sbt-project-with-symlinks/entities/example-entity/.bloop/corePiece/bloop-bsp-clients-classes/classes-Metals-Yk_Imim4S9-QcJSogU-1vg==/META-INF/semanticdb/../../pieces/core-piece/src/main/scala/com/example/Launcher.scala.semanticdb' doesn't exist. There can be many reasons for this error. 
ERROR code navigation does not work for the file '/home/andres/Documentos/Repositories/sbt-project-with-symlinks/pieces/core-piece/src/main/scala/com/example/Launcher.scala' because the SemanticDB file '/home/andres/Documentos/Repositories/sbt-project-with-symlinks/entities/example-entity/.bloop/corePiece/bloop-bsp-clients-classes/classes-Metals-Yk_Imim4S9-QcJSogU-1vg==/META-INF/semanticdb/../../pieces/core-piece/src/main/scala/com/example/Launcher.scala.semanticdb' doesn't exist. There can be many reasons for this error. 
ERROR code navigation does not work for the file '/home/andres/Documentos/Repositories/sbt-project-with-symlinks/pieces/core-piece/src/main/scala/com/example/Launcher.scala' because the SemanticDB file '/home/andres/Documentos/Repositories/sbt-project-with-symlinks/entities/example-entity/.bloop/corePiece/bloop-bsp-clients-classes/classes-Metals-Yk_Imim4S9-QcJSogU-1vg==/META-INF/semanticdb/../../pieces/core-piece/src/main/scala/com/example/Launcher.scala.semanticdb' doesn't exist. There can be many reasons for this error. 
ERROR code navigation does not work for the file '/home/andres/Documentos/Repositories/sbt-project-with-symlinks/pieces/core-piece/src/main/scala/com/example/Launcher.scala' because the SemanticDB file '/home/andres/Documentos/Repositories/sbt-project-with-symlinks/entities/example-entity/.bloop/corePiece/bloop-bsp-clients-classes/classes-Metals-Yk_Imim4S9-QcJSogU-1vg==/META-INF/semanticdb/../../pieces/core-piece/src/main/scala/com/example/Launcher.scala.semanticdb' doesn't exist. There can be many reasons for this error. 
ERROR code navigation does not work for the file '/home/andres/Documentos/Repositories/sbt-project-with-symlinks/pieces/core-piece/src/main/scala/com/example/Launcher.scala' because the SemanticDB file '/home/andres/Documentos/Repositories/sbt-project-with-symlinks/entities/example-entity/.bloop/corePiece/bloop-bsp-clients-classes/classes-Metals-Yk_Imim4S9-QcJSogU-1vg==/META-INF/semanticdb/../../pieces/core-piece/src/main/scala/com/example/Launcher.scala.semanticdb' doesn't exist. There can be many reasons for this error. 
ERROR code navigation does not work for the file '/home/andres/Documentos/Repositories/sbt-project-with-symlinks/pieces/core-piece/src/main/scala/com/example/Launcher.scala' because the SemanticDB file '/home/andres/Documentos/Repositories/sbt-project-with-symlinks/entities/example-entity/.bloop/corePiece/bloop-bsp-clients-classes/classes-Metals-Yk_Imim4S9-QcJSogU-1vg==/META-INF/semanticdb/../../pieces/core-piece/src/main/scala/com/example/Launcher.scala.semanticdb' doesn't exist. There can be many reasons for this error. 
